[debug] [2025-02-08T13:58:06.700Z] ----------------------------------------------------------------------
[debug] [2025-02-08T13:58:06.702Z] Command:       /opt/homebrew/Cellar/node/23.6.0/bin/node /opt/homebrew/bin/firebase init
[debug] [2025-02-08T13:58:06.702Z] CLI Version:   13.6.1
[debug] [2025-02-08T13:58:06.702Z] Platform:      darwin
[debug] [2025-02-08T13:58:06.702Z] Node Version:  v23.6.0
[debug] [2025-02-08T13:58:06.702Z] Time:          Sat Feb 08 2025 19:28:06 GMT+0530 (India Standard Time)
[debug] [2025-02-08T13:58:06.703Z] ----------------------------------------------------------------------
[debug] 
[debug] [2025-02-08T13:58:06.731Z] > command requires scopes: ["email","openid","https://www.googleapis.com/auth/cloudplatformprojects.readonly","https://www.googleapis.com/auth/firebase","https://www.googleapis.com/auth/cloud-platform"]
[debug] [2025-02-08T13:58:06.731Z] > authorizing via signed-in user (edzeeta@gmail.com)
[info] 
     ######## #### ########  ######## ########     ###     ######  ########
     ##        ##  ##     ## ##       ##     ##  ##   ##  ##       ##
     ######    ##  ########  ######   ########  #########  ######  ######
     ##        ##  ##    ##  ##       ##     ## ##     ##       ## ##
     ##       #### ##     ## ######## ########  ##     ##  ######  ########

You're about to initialize a Firebase project in this directory:

  /Users/jdotgururaj/Desktop/personal/edzeeta-lms-admin

Before we get started, keep in mind:

  * You are initializing within an existing Firebase project directory

